<?xml version="1.0" encoding="ISO-8859-1"?>
<Policy version="0.1" type="value" model="model.pomdpx" xmlns:xsi="http://www.w3.org/2001/XMLSchema-instance" xsi:noNamespaceSchemaLocation="policyx.xsd">
<AlphaVector vectorLength="3" numObsValue="1" numVectors="1016">
<Vector action="4" obsValue="0">0.61852 -239.314 0 </Vector>
<Vector action="4" obsValue="0">0.328555 -58.2738 0 </Vector>
<Vector action="4" obsValue="0">0.108374 -14.7955 0 </Vector>
<Vector action="4" obsValue="0">-262.59 0.648556 0 </Vector>
<Vector action="4" obsValue="0">-63.9349 0.350116 0 </Vector>
<Vector action="4" obsValue="0">-16.6256 0.127856 0 </Vector>
<Vector action="3" obsValue="0">-5.70957 -0.00747065 0 </Vector>
<Vector action="4" obsValue="0">-18.3193 0.154648 0 </Vector>
<Vector action="4" obsValue="0">-71.5283 0.392571 0 </Vector>
<Vector action="4" obsValue="0">-73.2124 0.401435 0 </Vector>
<Vector action="3" obsValue="0">-0.42209 -0.306895 0 </Vector>
<Vector action="4" obsValue="0">0.150286 -16.3624 0 </Vector>
<Vector action="4" obsValue="0">0.371316 -64.9703 0 </Vector>
<Vector action="4" obsValue="0">0.678546 -268.935 0 </Vector>
<Vector action="4" obsValue="0">0.411833 -71.635 0 </Vector>
<Vector action="4" obsValue="0">0.179719 -17.8218 0 </Vector>
<Vector action="4" obsValue="0">0.002595 -4.80334 0 </Vector>
<Vector action="3" obsValue="0">-0.114842 -1.72513 0 </Vector>
<Vector action="3" obsValue="0">-0.101188 -1.8692 0 </Vector>
<Vector action="4" obsValue="0">0.424383 -74.2757 0 </Vector>
<Vector action="4" obsValue="0">0.426289 -74.6767 0 </Vector>
<Vector action="3" obsValue="0">-0.0757869 -2.20781 0 </Vector>
<Vector action="3" obsValue="0">-0.171034 -0.959369 0 </Vector>
<Vector action="4" obsValue="0">0.213865 -20.5565 0 </Vector>
<Vector action="4" obsValue="0">0.426138 -74.466 0 </Vector>
<Vector action="4" obsValue="0">0.690881 -275.345 0 </Vector>
<Vector action="3" obsValue="0">-0.0775306 -2.11649 0 </Vector>
<Vector action="3" obsValue="0">-0.165187 -0.966436 0 </Vector>
<Vector action="3" obsValue="0">-1.16407 -0.142931 0 </Vector>
<Vector action="3" obsValue="0">-0.422552 -0.291931 0 </Vector>
<Vector action="3" obsValue="0">-0.630507 -0.218868 0 </Vector>
<Vector action="4" obsValue="0">-22.4201 0.231307 0 </Vector>
<Vector action="3" obsValue="0">-0.653678 -0.209991 0 </Vector>
<Vector action="3" obsValue="0">-0.428725 -0.28497 0 </Vector>
<Vector action="3" obsValue="0">-0.163642 -0.96733 0 </Vector>
<Vector action="4" obsValue="0">0.229032 -21.9659 0 </Vector>
<Vector action="4" obsValue="0">0.0587069 -6.49913 0 </Vector>
<Vector action="3" obsValue="0">-0.222801 -0.599983 0 </Vector>
<Vector action="3" obsValue="0">-0.146191 -1.07982 0 </Vector>
<Vector action="3" obsValue="0">-0.431364 -0.277373 0 </Vector>
<Vector action="3" obsValue="0">-0.311965 -0.378903 0 </Vector>
<Vector action="4" obsValue="0">0.234663 -22.5883 0 </Vector>
<Vector action="3" obsValue="0">0.0884242 -7.94021 0 </Vector>
<Vector action="3" obsValue="0">-0.226331 -0.58026 0 </Vector>
<Vector action="3" obsValue="0">-0.128249 -1.22332 0 </Vector>
<Vector action="3" obsValue="0">0.289016 -34.8739 0 </Vector>
<Vector action="3" obsValue="0">0.290365 -35.0043 0 </Vector>
<Vector action="3" obsValue="0">0.090029 -8.0165 0 </Vector>
<Vector action="3" obsValue="0">-0.027909 -2.98514 0 </Vector>
<Vector action="3" obsValue="0">-35.3884 0.290398 0 </Vector>
<Vector action="4" obsValue="0">-6.12049 0.0528134 0 </Vector>
<Vector action="4" obsValue="0">-76.9987 0.439546 0 </Vector>
<Vector action="4" obsValue="0">-21.536 0.228577 0 </Vector>
<Vector action="4" obsValue="0">-5.81352 0.0476999 0 </Vector>
<Vector action="3" obsValue="0">-2.05323 -0.0729586 0 </Vector>
<Vector action="3" obsValue="0">-0.0261788 -3.01918 0 </Vector>
<Vector action="4" obsValue="0">0.211865 -19.602 0 </Vector>
<Vector action="4" obsValue="0">0.43599 -75.6912 0 </Vector>
<Vector action="4" obsValue="0">0.693098 -276.172 0 </Vector>
<Vector action="4" obsValue="0">0.435511 -75.45 0 </Vector>
<Vector action="4" obsValue="0">0.0330393 -5.23839 0 </Vector>
<Vector action="3" obsValue="0">-0.0834436 -1.88571 0 </Vector>
<Vector action="3" obsValue="0">-0.17549 -0.837326 0 </Vector>
<Vector action="3" obsValue="0">-0.120307 -1.28962 0 </Vector>
<Vector action="3" obsValue="0">-0.0257647 -3.02691 0 </Vector>
<Vector action="3" obsValue="0">0.0908809 -8.05579 0 </Vector>
<Vector action="4" obsValue="0">0.238204 -23.0017 0 </Vector>
<Vector action="4" obsValue="0">0.238418 -23.0102 0 </Vector>
<Vector action="3" obsValue="0">-0.118608 -1.30464 0 </Vector>
<Vector action="3" obsValue="0">-0.197277 -0.681087 0 </Vector>
<Vector action="3" obsValue="0">-0.196531 -0.683529 0 </Vector>
<Vector action="4" obsValue="0">0.0548503 -6.16233 0 </Vector>
<Vector action="3" obsValue="0">0.0751325 -7.15272 0 </Vector>
<Vector action="3" obsValue="0">-0.196058 -0.685198 0 </Vector>
<Vector action="3" obsValue="0">-2.44837 -0.0518564 0 </Vector>
<Vector action="4" obsValue="0">-6.31154 0.0578736 0 </Vector>
<Vector action="4" obsValue="0">-21.3288 0.227426 0 </Vector>
<Vector action="3" obsValue="0">-34.1911 0.288163 0 </Vector>
<Vector action="3" obsValue="0">-7.33668 0.0791833 0 </Vector>
<Vector action="3" obsValue="0">-2.85963 -0.0320219 0 </Vector>
<Vector action="3" obsValue="0">-0.887393 -0.167491 0 </Vector>
<Vector action="3" obsValue="0">-0.0344309 -2.80806 0 </Vector>
<Vector action="3" obsValue="0">0.0721761 -6.98465 0 </Vector>
<Vector action="4" obsValue="0">0.221403 -20.5922 0 </Vector>
<Vector action="4" obsValue="0">0.437657 -76.1183 0 </Vector>
<Vector action="4" obsValue="0">0.222852 -20.7425 0 </Vector>
<Vector action="3" obsValue="0">0.0811005 -7.41956 0 </Vector>
<Vector action="3" obsValue="0">-0.0306711 -2.8801 0 </Vector>
<Vector action="3" obsValue="0">-0.198472 -0.67228 0 </Vector>
<Vector action="3" obsValue="0">-0.266342 -0.444327 0 </Vector>
<Vector action="3" obsValue="0">-2.82198 -0.033374 0 </Vector>
<Vector action="3" obsValue="0">-7.57206 0.0841735 0 </Vector>
<Vector action="4" obsValue="0">-22.4619 0.235484 0 </Vector>
<Vector action="4" obsValue="0">-77.5552 0.441167 0 </Vector>
<Vector action="4" obsValue="0">-277.43 0.694263 0 </Vector>
<Vector action="4" obsValue="0">-77.6635 0.441611 0 </Vector>
<Vector action="3" obsValue="0">-7.94751 0.0903157 0 </Vector>
<Vector action="3" obsValue="0">-1.26267 -0.122055 0 </Vector>
<Vector action="3" obsValue="0">-0.503223 -0.246472 0 </Vector>
<Vector action="3" obsValue="0">-0.673665 -0.198407 0 </Vector>
<Vector action="4" obsValue="0">-22.9453 0.238609 0 </Vector>
<Vector action="3" obsValue="0">-7.98668 0.091206 0 </Vector>
<Vector action="3" obsValue="0">-2.88416 -0.0300767 0 </Vector>
<Vector action="3" obsValue="0">-0.67109 -0.1987 0 </Vector>
<Vector action="3" obsValue="0">-0.444176 -0.266355 0 </Vector>
<Vector action="3" obsValue="0">-0.443379 -0.266607 0 </Vector>
<Vector action="3" obsValue="0">-2.99334 -0.0256797 0 </Vector>
<Vector action="3" obsValue="0">-123.314 0.506003 0 </Vector>
<Vector action="3" obsValue="0">-34.4223 0.28958 0 </Vector>
<Vector action="3" obsValue="0">-3.03232 -0.0243037 0 </Vector>
<Vector action="3" obsValue="0">-1.28911 -0.119102 0 </Vector>
<Vector action="3" obsValue="0">-0.676986 -0.197071 0 </Vector>
<Vector action="3" obsValue="0">-0.336046 -0.338825 0 </Vector>
<Vector action="3" obsValue="0">0.0821156 -7.46495 0 </Vector>
<Vector action="4" obsValue="0">0.236717 -22.6156 0 </Vector>
<Vector action="4" obsValue="0">0.0535905 -6.0617 0 </Vector>
<Vector action="3" obsValue="0">-0.335819 -0.338914 0 </Vector>
<Vector action="3" obsValue="0">-0.0492254 -2.48036 0 </Vector>
<Vector action="3" obsValue="0">0.077106 -7.21311 0 </Vector>
<Vector action="4" obsValue="0">0.210466 -19.303 0 </Vector>
<Vector action="4" obsValue="0">0.435196 -75.2481 0 </Vector>
<Vector action="4" obsValue="0">0.692919 -275.872 0 </Vector>
<Vector action="3" obsValue="0">0.0682048 -6.76748 0 </Vector>
<Vector action="3" obsValue="0">-0.0400184 -2.67092 0 </Vector>
<Vector action="3" obsValue="0">-0.335751 -0.338946 0 </Vector>
<Vector action="3" obsValue="0">-0.444309 -0.26567 0 </Vector>
<Vector action="3" obsValue="0">-0.677974 -0.196765 0 </Vector>
<Vector action="3" obsValue="0">-1.29585 -0.118438 0 </Vector>
<Vector action="4" obsValue="0">-19.4174 0.211337 0 </Vector>
<Vector action="4" obsValue="0">-75.6085 0.436178 0 </Vector>
<Vector action="4" obsValue="0">-276.116 0.69314 0 </Vector>
<Vector action="4" obsValue="0">-75.3128 0.43542 0 </Vector>
<Vector action="4" obsValue="0">-19.0921 0.208702 0 </Vector>
<Vector action="3" obsValue="0">-3.06176 -0.0231425 0 </Vector>
<Vector action="3" obsValue="0">-1.3038 -0.117706 0 </Vector>
<Vector action="3" obsValue="0">-0.681941 -0.195886 0 </Vector>
<Vector action="3" obsValue="0">-0.445647 -0.264924 0 </Vector>
<Vector action="3" obsValue="0">-0.336106 -0.338407 0 </Vector>
<Vector action="3" obsValue="0">-0.445871 -0.264778 0 </Vector>
<Vector action="3" obsValue="0">-0.265803 -0.444654 0 </Vector>
<Vector action="3" obsValue="0">-0.198737 -0.670288 0 </Vector>
<Vector action="3" obsValue="0">-0.0314723 -2.85298 0 </Vector>
<Vector action="4" obsValue="0">0.441862 -77.7495 0 </Vector>
<Vector action="3" obsValue="0">0.0818993 -7.44786 0 </Vector>
<Vector action="3" obsValue="0">-0.0316085 -2.84837 0 </Vector>
<Vector action="3" obsValue="0">-0.123572 -1.24134 0 </Vector>
<Vector action="3" obsValue="0">-0.266524 -0.442768 0 </Vector>
<Vector action="3" obsValue="0">-0.338295 -0.336358 0 </Vector>
<Vector action="3" obsValue="0">-0.336166 -0.338315 0 </Vector>
<Vector action="3" obsValue="0">-0.263238 -0.449642 0 </Vector>
<Vector action="4" obsValue="0">0.23924 -23.05 0 </Vector>
<Vector action="4" obsValue="0">0.442441 -78.0505 0 </Vector>
<Vector action="4" obsValue="0">0.694549 -277.764 0 </Vector>
<Vector action="4" obsValue="0">0.44265 -78.1356 0 </Vector>
<Vector action="3" obsValue="0">-0.33632 -0.338039 0 </Vector>
<Vector action="3" obsValue="0">-0.446005 -0.264679 0 </Vector>
<Vector action="3" obsValue="0">-0.683009 -0.195618 0 </Vector>
<Vector action="3" obsValue="0">-1.30697 -0.117397 0 </Vector>
<Vector action="3" obsValue="0">-8.10299 0.0931541 0 </Vector>
<Vector action="4" obsValue="0">-22.6654 0.237027 0 </Vector>
<Vector action="4" obsValue="0">-77.8009 0.441958 0 </Vector>
<Vector action="4" obsValue="0">-277.596 0.694441 0 </Vector>
<Vector action="4" obsValue="0">-77.8382 0.442078 0 </Vector>
<Vector action="4" obsValue="0">-22.7047 0.237342 0 </Vector>
<Vector action="3" obsValue="0">-3.06406 -0.0228848 0 </Vector>
<Vector action="3" obsValue="0">-1.30759 -0.117234 0 </Vector>
<Vector action="3" obsValue="0">-0.684034 -0.195321 0 </Vector>
<Vector action="3" obsValue="0">-0.446571 -0.264323 0 </Vector>
<Vector action="3" obsValue="0">-0.263481 -0.448641 0 </Vector>
<Vector action="3" obsValue="0">0.505036 -122.41 0 </Vector>
<Vector action="3" obsValue="0">0.0949003 -8.22975 0 </Vector>
<Vector action="3" obsValue="0">-0.0217623 -3.09945 0 </Vector>
<Vector action="3" obsValue="0">-0.116281 -1.32012 0 </Vector>
<Vector action="3" obsValue="0">-0.194397 -0.689077 0 </Vector>
<Vector action="3" obsValue="0">-0.263327 -0.448835 0 </Vector>
<Vector action="3" obsValue="0">-0.33647 -0.337709 0 </Vector>
<Vector action="3" obsValue="0">-0.446665 -0.264234 0 </Vector>
<Vector action="3" obsValue="0">-0.684449 -0.195201 0 </Vector>
<Vector action="3" obsValue="0">-7.02188 0.0733614 0 </Vector>
<Vector action="3" obsValue="0">-33.0953 0.284875 0 </Vector>
<Vector action="4" obsValue="0">-78.0271 0.442434 0 </Vector>
<Vector action="4" obsValue="0">-23.1128 0.239648 0 </Vector>
<Vector action="3" obsValue="0">-8.11064 0.0933465 0 </Vector>
<Vector action="4" obsValue="0">-23.1108 0.239646 0 </Vector>
<Vector action="4" obsValue="0">-78.1388 0.442668 0 </Vector>
<Vector action="4" obsValue="0">-19.0936 0.20876 0 </Vector>
<Vector action="3" obsValue="0">-7.0223 0.0733979 0 </Vector>
<Vector action="3" obsValue="0">-1.3085 -0.117122 0 </Vector>
<Vector action="3" obsValue="0">-0.684694 -0.19513 0 </Vector>
<Vector action="3" obsValue="0">-0.446844 -0.264113 0 </Vector>
<Vector action="3" obsValue="0">-0.336544 -0.337577 0 </Vector>
<Vector action="3" obsValue="0">-0.44689 -0.264077 0 </Vector>
<Vector action="3" obsValue="0">-0.336557 -0.337554 0 </Vector>
<Vector action="3" obsValue="0">-2.88082 -0.0301173 0 </Vector>
<Vector action="4" obsValue="0">-76.5666 0.439007 0 </Vector>
<Vector action="3" obsValue="0">-0.665854 -0.199168 0 </Vector>
<Vector action="3" obsValue="0">-0.441811 -0.266615 0 </Vector>
<Vector action="3" obsValue="0">-0.335185 -0.339153 0 </Vector>
<Vector action="3" obsValue="0">-0.446898 -0.264071 0 </Vector>
<Vector action="3" obsValue="0">-0.336559 -0.33755 0 </Vector>
<Vector action="3" obsValue="0">-0.263341 -0.448707 0 </Vector>
<Vector action="3" obsValue="0">-0.194359 -0.689118 0 </Vector>
<Vector action="4" obsValue="0">0.437862 -76.1525 0 </Vector>
<Vector action="4" obsValue="0">0.693519 -276.483 0 </Vector>
<Vector action="4" obsValue="0">0.438267 -76.2899 0 </Vector>
<Vector action="4" obsValue="0">0.236684 -22.601 0 </Vector>
<Vector action="3" obsValue="0">0.0929564 -8.08471 0 </Vector>
<Vector action="3" obsValue="0">-0.0229842 -3.05974 0 </Vector>
<Vector action="3" obsValue="0">-0.336721 -0.337325 0 </Vector>
<Vector action="3" obsValue="0">-0.447002 -0.264009 0 </Vector>
<Vector action="3" obsValue="0">-0.684906 -0.195069 0 </Vector>
<Vector action="3" obsValue="0">-1.30879 -0.117086 0 </Vector>
<Vector action="3" obsValue="0">-3.06441 -0.0228049 0 </Vector>
<Vector action="3" obsValue="0">-122.448 0.505061 0 </Vector>
<Vector action="4" obsValue="0">-277.824 0.6946 0 </Vector>
<Vector action="3" obsValue="0">-122.509 0.505162 0 </Vector>
<Vector action="3" obsValue="0">-8.22049 0.0948198 0 </Vector>
<Vector action="3" obsValue="0">-3.09407 -0.0218768 0 </Vector>
<Vector action="3" obsValue="0">-1.31689 -0.116451 0 </Vector>
<Vector action="3" obsValue="0">-0.687171 -0.194647 0 </Vector>
<Vector action="3" obsValue="0">-0.447802 -0.263643 0 </Vector>
<Vector action="3" obsValue="0">-0.685488 -0.194948 0 </Vector>
<Vector action="3" obsValue="0">-1.30925 -0.117003 0 </Vector>
<Vector action="3" obsValue="0">-3.0647 -0.0227825 0 </Vector>
<Vector action="3" obsValue="0">-8.11104 0.0933741 0 </Vector>
<Vector action="4" obsValue="0">-22.7219 0.237509 0 </Vector>
<Vector action="4" obsValue="0">-75.0942 0.434841 0 </Vector>
<Vector action="4" obsValue="0">-22.7248 0.237538 0 </Vector>
<Vector action="3" obsValue="0">-8.11645 0.0934975 0 </Vector>
<Vector action="3" obsValue="0">-3.06627 -0.0226874 0 </Vector>
<Vector action="3" obsValue="0">-1.30975 -0.116929 0 </Vector>
<Vector action="3" obsValue="0">-0.129108 -1.19028 0 </Vector>
<Vector action="3" obsValue="0">-0.0418902 -2.6271 0 </Vector>
<Vector action="4" obsValue="0">0.208779 -19.0878 0 </Vector>
<Vector action="4" obsValue="0">0.435101 -75.1729 0 </Vector>
<Vector action="4" obsValue="0">0.692898 -275.822 0 </Vector>
<Vector action="4" obsValue="0">0.434681 -75.0242 0 </Vector>
<Vector action="4" obsValue="0">0.208513 -19.0526 0 </Vector>
<Vector action="3" obsValue="0">0.070053 -6.84926 0 </Vector>
<Vector action="3" obsValue="0">-0.129554 -1.18441 0 </Vector>
<Vector action="3" obsValue="0">-0.262946 -0.449728 0 </Vector>
<Vector action="3" obsValue="0">-0.194252 -0.689761 0 </Vector>
<Vector action="3" obsValue="0">-0.116158 -1.3214 0 </Vector>
<Vector action="3" obsValue="0">-0.0215756 -3.10451 0 </Vector>
<Vector action="4" obsValue="0">0.239704 -23.1177 0 </Vector>
<Vector action="4" obsValue="0">0.694419 -277.561 0 </Vector>
<Vector action="4" obsValue="0">0.442754 -78.1814 0 </Vector>
<Vector action="4" obsValue="0">0.239774 -23.128 0 </Vector>
<Vector action="3" obsValue="0">0.0952323 -8.2504 0 </Vector>
<Vector action="3" obsValue="0">-0.0213664 -3.11009 0 </Vector>
<Vector action="3" obsValue="0">-0.115909 -1.32427 0 </Vector>
<Vector action="3" obsValue="0">-0.194018 -0.690883 0 </Vector>
<Vector action="3" obsValue="0">-0.199866 -0.663607 0 </Vector>
<Vector action="3" obsValue="0">-0.123877 -1.23713 0 </Vector>
<Vector action="3" obsValue="0">-0.0318503 -2.84032 0 </Vector>
<Vector action="3" obsValue="0">0.0817973 -7.43988 0 </Vector>
<Vector action="4" obsValue="0">0.434621 -75.0004 0 </Vector>
<Vector action="4" obsValue="0">0.69279 -275.705 0 </Vector>
<Vector action="3" obsValue="0">-0.0299158 -2.88149 0 </Vector>
<Vector action="3" obsValue="0">-0.122811 -1.24607 0 </Vector>
<Vector action="3" obsValue="0">-0.266579 -0.441867 0 </Vector>
<Vector action="3" obsValue="0">-0.338745 -0.335474 0 </Vector>
<Vector action="3" obsValue="0">-0.448561 -0.263333 0 </Vector>
<Vector action="3" obsValue="0">-0.117097 -1.3082 0 </Vector>
<Vector action="3" obsValue="0">-0.0230536 -3.05704 0 </Vector>
<Vector action="3" obsValue="0">0.0928867 -8.07819 0 </Vector>
<Vector action="4" obsValue="0">0.237375 -22.7039 0 </Vector>
<Vector action="4" obsValue="0">0.442142 -77.8563 0 </Vector>
<Vector action="4" obsValue="0">0.239883 -23.1467 0 </Vector>
<Vector action="3" obsValue="0">0.093441 -8.11247 0 </Vector>
<Vector action="4" obsValue="0">0.237564 -22.7279 0 </Vector>
<Vector action="4" obsValue="0">0.237593 -22.7316 0 </Vector>
<Vector action="3" obsValue="0">0.0934591 -8.11345 0 </Vector>
<Vector action="3" obsValue="0">-0.0227369 -3.0648 0 </Vector>
<Vector action="3" obsValue="0">-0.116941 -1.30956 0 </Vector>
<Vector action="3" obsValue="0">-0.194866 -0.685628 0 </Vector>
<Vector action="3" obsValue="0">-0.262731 -0.450205 0 </Vector>
<Vector action="3" obsValue="0">-0.19396 -0.691183 0 </Vector>
<Vector action="3" obsValue="0">0.504894 -122.28 0 </Vector>
<Vector action="4" obsValue="0">0.69462 -277.852 0 </Vector>
<Vector action="3" obsValue="0">0.285234 -33.1595 0 </Vector>
<Vector action="4" obsValue="0">0.208513 -19.0485 0 </Vector>
<Vector action="3" obsValue="0">-0.11583 -1.32517 0 </Vector>
<Vector action="3" obsValue="0">-0.19391 -0.691425 0 </Vector>
<Vector action="3" obsValue="0">-0.262664 -0.450351 0 </Vector>
<Vector action="3" obsValue="0">-2.73299 -0.036833 0 </Vector>
<Vector action="3" obsValue="0">-6.92706 0.0715737 0 </Vector>
<Vector action="4" obsValue="0">-75.0747 0.434803 0 </Vector>
<Vector action="4" obsValue="0">-275.755 0.692831 0 </Vector>
<Vector action="4" obsValue="0">-74.9936 0.434595 0 </Vector>
<Vector action="4" obsValue="0">-19.0421 0.208429 0 </Vector>
<Vector action="3" obsValue="0">-6.91314 0.0713654 0 </Vector>
<Vector action="3" obsValue="0">-2.70351 -0.0381135 0 </Vector>
<Vector action="3" obsValue="0">-0.688154 -0.194464 0 </Vector>
<Vector action="3" obsValue="0">-1.31894 -0.116288 0 </Vector>
<Vector action="3" obsValue="0">-3.10046 -0.0216612 0 </Vector>
<Vector action="3" obsValue="0">-8.2432 0.0951286 0 </Vector>
<Vector action="4" obsValue="0">-23.1398 0.239838 0 </Vector>
<Vector action="3" obsValue="0">-33.1631 0.285252 0 </Vector>
<Vector action="4" obsValue="0">-78.2097 0.442819 0 </Vector>
<Vector action="4" obsValue="0">-23.1558 0.23994 0 </Vector>
<Vector action="3" obsValue="0">-8.25535 0.0953134 0 </Vector>
<Vector action="3" obsValue="0">-3.10987 -0.0213502 0 </Vector>
<Vector action="3" obsValue="0">-1.3232 -0.115956 0 </Vector>
<Vector action="3" obsValue="0">-0.689858 -0.194152 0 </Vector>
<Vector action="3" obsValue="0">-0.685517 -0.194874 0 </Vector>
<Vector action="3" obsValue="0">-1.30977 -0.116909 0 </Vector>
<Vector action="3" obsValue="0">-3.0666 -0.022662 0 </Vector>
<Vector action="3" obsValue="0">-8.11765 0.0935301 0 </Vector>
<Vector action="4" obsValue="0">-77.9296 0.442301 0 </Vector>
<Vector action="4" obsValue="0">-76.4563 0.43875 0 </Vector>
<Vector action="4" obsValue="0">-76.4396 0.438711 0 </Vector>
<Vector action="4" obsValue="0">-77.9434 0.442335 0 </Vector>
<Vector action="4" obsValue="0">-23.1566 0.239947 0 </Vector>
<Vector action="3" obsValue="0">-1.19944 -0.127787 0 </Vector>
<Vector action="3" obsValue="0">-2.67219 -0.0395422 0 </Vector>
<Vector action="3" obsValue="0">-6.87484 0.0706339 0 </Vector>
<Vector action="3" obsValue="0">-122.308 0.504939 0 </Vector>
<Vector action="3" obsValue="0">-33.1698 0.285284 0 </Vector>
<Vector action="4" obsValue="0">-19.0527 0.208548 0 </Vector>
<Vector action="3" obsValue="0">-6.87772 0.0707086 0 </Vector>
<Vector action="3" obsValue="0">-2.66263 -0.039956 0 </Vector>
<Vector action="3" obsValue="0">-1.1884 -0.128948 0 </Vector>
<Vector action="3" obsValue="0">-0.449671 -0.262894 0 </Vector>
<Vector action="3" obsValue="0">-0.194883 -0.685446 0 </Vector>
<Vector action="3" obsValue="0">-0.0212777 -3.11247 0 </Vector>
<Vector action="3" obsValue="0">0.0953814 -8.26047 0 </Vector>
<Vector action="4" obsValue="0">0.239887 -23.1474 0 </Vector>
<Vector action="4" obsValue="0">0.442843 -78.2213 0 </Vector>
<Vector action="4" obsValue="0">0.239947 -23.1564 0 </Vector>
<Vector action="3" obsValue="0">0.0954218 -8.26307 0 </Vector>
<Vector action="3" obsValue="0">-0.0211584 -3.11589 0 </Vector>
<Vector action="3" obsValue="0">-0.116943 -1.30933 0 </Vector>
<Vector action="3" obsValue="0">-0.194885 -0.685382 0 </Vector>
<Vector action="3" obsValue="0">-0.263755 -0.447337 0 </Vector>
<Vector action="3" obsValue="0">-0.334767 -0.339562 0 </Vector>
<Vector action="3" obsValue="0">-0.440684 -0.267157 0 </Vector>
<Vector action="4" obsValue="0">-74.9856 0.434584 0 </Vector>
<Vector action="4" obsValue="0">-275.695 0.692781 0 </Vector>
<Vector action="3" obsValue="0">-0.440375 -0.267217 0 </Vector>
<Vector action="3" obsValue="0">-0.334379 -0.339941 0 </Vector>
<Vector action="3" obsValue="0">-8.2615 0.095402 0 </Vector>
<Vector action="4" obsValue="0">-23.1603 0.239968 0 </Vector>
<Vector action="4" obsValue="0">-277.692 0.694525 0 </Vector>
<Vector action="4" obsValue="0">-78.2236 0.442848 0 </Vector>
<Vector action="3" obsValue="0">-8.26336 0.0954279 0 </Vector>
<Vector action="3" obsValue="0">-0.262446 -0.450848 0 </Vector>
<Vector action="4" obsValue="0">0.234312 -22.2331 0 </Vector>
<Vector action="4" obsValue="0">0.441453 -77.5386 0 </Vector>
<Vector action="4" obsValue="0">0.694327 -277.419 0 </Vector>
<Vector action="4" obsValue="0">0.441391 -77.5065 0 </Vector>
<Vector action="4" obsValue="0">0.233776 -22.1508 0 </Vector>
<Vector action="3" obsValue="0">0.0703881 -6.86193 0 </Vector>
<Vector action="3" obsValue="0">-0.193833 -0.69183 0 </Vector>
<Vector action="3" obsValue="0">-0.262397 -0.450957 0 </Vector>
<Vector action="3" obsValue="0">-0.339356 -0.334927 0 </Vector>
<Vector action="3" obsValue="0">-0.199526 -0.66397 0 </Vector>
<Vector action="3" obsValue="0">-0.122719 -1.2463 0 </Vector>
<Vector action="4" obsValue="0">0.227888 -21.3369 0 </Vector>
<Vector action="4" obsValue="0">0.4394 -76.6911 0 </Vector>
<Vector action="4" obsValue="0">0.693865 -276.846 0 </Vector>
<Vector action="3" obsValue="0">0.0861579 -7.65927 0 </Vector>
<Vector action="3" obsValue="0">-0.339637 -0.334617 0 </Vector>
<Vector action="3" obsValue="0">-0.26376 -0.447302 0 </Vector>
<Vector action="3" obsValue="0">-0.263761 -0.447296 0 </Vector>
<Vector action="3" obsValue="0">-0.194889 -0.685315 0 </Vector>
<Vector action="3" obsValue="0">-0.116944 -1.30924 0 </Vector>
<Vector action="3" obsValue="0">-0.0226957 -3.06546 0 </Vector>
<Vector action="3" obsValue="0">0.0935557 -8.11876 0 </Vector>
<Vector action="4" obsValue="0">0.442189 -77.8698 0 </Vector>
<Vector action="4" obsValue="0">0.694493 -277.642 0 </Vector>
<Vector action="4" obsValue="0">0.237939 -22.782 0 </Vector>
<Vector action="3" obsValue="0">-0.263705 -0.447385 0 </Vector>
<Vector action="3" obsValue="0">-0.450233 -0.262663 0 </Vector>
<Vector action="3" obsValue="0">-0.690912 -0.193971 0 </Vector>
<Vector action="3" obsValue="0">-1.32494 -0.115823 0 </Vector>
<Vector action="3" obsValue="0">-3.11582 -0.0211526 0 </Vector>
<Vector action="4" obsValue="0">-276.677 0.69371 0 </Vector>
<Vector action="3" obsValue="0">-8.2671 0.0954812 0 </Vector>
<Vector action="3" obsValue="0">-3.11683 -0.021119 0 </Vector>
<Vector action="3" obsValue="0">-1.32682 -0.115677 0 </Vector>
<Vector action="3" obsValue="0">-0.691888 -0.193796 0 </Vector>
<Vector action="3" obsValue="0">-0.115665 -1.32714 0 </Vector>
<Vector action="3" obsValue="0">-0.0211138 -3.11713 0 </Vector>
<Vector action="3" obsValue="0">0.504939 -122.304 0 </Vector>
<Vector action="3" obsValue="0">0.28529 -33.1703 0 </Vector>
<Vector action="3" obsValue="0">0.0954661 -8.26601 0 </Vector>
<Vector action="3" obsValue="0">-0.0210859 -3.11792 0 </Vector>
<Vector action="3" obsValue="0">-0.115619 -1.32769 0 </Vector>
<Vector action="3" obsValue="0">-0.193687 -0.69258 0 </Vector>
<Vector action="3" obsValue="0">-0.11558 -1.32816 0 </Vector>
<Vector action="4" obsValue="0">0.434564 -74.9753 0 </Vector>
<Vector action="4" obsValue="0">0.692777 -275.688 0 </Vector>
<Vector action="4" obsValue="0">0.208586 -19.0536 0 </Vector>
<Vector action="3" obsValue="0">-0.0210629 -3.11857 0 </Vector>
<Vector action="3" obsValue="0">-0.115565 -1.32834 0 </Vector>
<Vector action="3" obsValue="0">-0.193653 -0.692754 0 </Vector>
<Vector action="4" obsValue="0">0.442876 -78.2378 0 </Vector>
<Vector action="4" obsValue="0">0.694647 -277.89 0 </Vector>
<Vector action="4" obsValue="0">0.442894 -78.2463 0 </Vector>
<Vector action="3" obsValue="0">-0.262284 -0.451207 0 </Vector>
<Vector action="3" obsValue="0">-0.33414 -0.340172 0 </Vector>
<Vector action="4" obsValue="0">-84.98 0.453044 0 </Vector>
<Vector action="3" obsValue="0">-0.439883 -0.26738 0 </Vector>
<Vector action="3" obsValue="0">-0.334007 -0.340275 0 </Vector>
<Vector action="3" obsValue="0">-0.262184 -0.451417 0 </Vector>
<Vector action="4" obsValue="0">-23.1629 0.239991 0 </Vector>
<Vector action="4" obsValue="0">-78.2253 0.442853 0 </Vector>
<Vector action="4" obsValue="0">-277.882 0.694642 0 </Vector>
<Vector action="4" obsValue="0">-78.2384 0.442881 0 </Vector>
<Vector action="3" obsValue="0">-0.193596 -0.693044 0 </Vector>
<Vector action="4" obsValue="0">0.233787 -22.1517 0 </Vector>
<Vector action="4" obsValue="0">0.441273 -77.4516 0 </Vector>
<Vector action="4" obsValue="0">0.694286 -277.36 0 </Vector>
<Vector action="4" obsValue="0">0.441245 -77.4383 0 </Vector>
<Vector action="4" obsValue="0">0.69428 -277.351 0 </Vector>
<Vector action="4" obsValue="0">0.441241 -77.4363 0 </Vector>
<Vector action="4" obsValue="0">0.233686 -22.1359 0 </Vector>
<Vector action="3" obsValue="0">-0.11554 -1.32863 0 </Vector>
<Vector action="3" obsValue="0">-0.19358 -0.693123 0 </Vector>
<Vector action="3" obsValue="0">0.504958 -122.312 0 </Vector>
<Vector action="3" obsValue="0">0.285341 -33.1803 0 </Vector>
<Vector action="3" obsValue="0">0.0955556 -8.27261 0 </Vector>
<Vector action="3" obsValue="0">-1.32743 -0.11563 0 </Vector>
<Vector action="4" obsValue="0">-275.687 0.692776 0 </Vector>
<Vector action="3" obsValue="0">-3.1184 -0.0210669 0 </Vector>
<Vector action="3" obsValue="0">-1.32786 -0.115597 0 </Vector>
<Vector action="3" obsValue="0">-0.450781 -0.262438 0 </Vector>
<Vector action="3" obsValue="0">-0.692514 -0.193684 0 </Vector>
<Vector action="3" obsValue="0">-122.31 0.504954 0 </Vector>
<Vector action="3" obsValue="0">-33.178 0.285333 0 </Vector>
<Vector action="4" obsValue="0">-19.0533 0.208584 0 </Vector>
<Vector action="3" obsValue="0">-1.32825 -0.115567 0 </Vector>
<Vector action="3" obsValue="0">-0.69262 -0.193665 0 </Vector>
<Vector action="3" obsValue="0">-0.450979 -0.262356 0 </Vector>
<Vector action="3" obsValue="0">-0.0286383 -2.90746 0 </Vector>
<Vector action="3" obsValue="0">0.0864183 -7.672 0 </Vector>
<Vector action="4" obsValue="0">0.228811 -21.4455 0 </Vector>
<Vector action="4" obsValue="0">0.439841 -76.8462 0 </Vector>
<Vector action="4" obsValue="0">0.693964 -276.951 0 </Vector>
<Vector action="4" obsValue="0">0.439908 -76.8698 0 </Vector>
<Vector action="3" obsValue="0">0.0865351 -7.67788 0 </Vector>
<Vector action="3" obsValue="0">-0.0284007 -2.91249 0 </Vector>
<Vector action="3" obsValue="0">-0.121632 -1.25562 0 </Vector>
<Vector action="3" obsValue="0">-0.198771 -0.666414 0 </Vector>
<Vector action="3" obsValue="0">-0.267023 -0.440527 0 </Vector>
<Vector action="3" obsValue="0">-0.339989 -0.334227 0 </Vector>
<Vector action="4" obsValue="0">0.238024 -22.7946 0 </Vector>
<Vector action="4" obsValue="0">0.442338 -77.9358 0 </Vector>
<Vector action="4" obsValue="0">0.694526 -277.687 0 </Vector>
<Vector action="4" obsValue="0">0.44236 -77.9459 0 </Vector>
<Vector action="3" obsValue="0">0.0939374 -8.14237 0 </Vector>
<Vector action="3" obsValue="0">-0.0223192 -3.07506 0 </Vector>
<Vector action="3" obsValue="0">-8.26947 0.0955203 0 </Vector>
<Vector action="3" obsValue="0">-0.262137 -0.451517 0 </Vector>
<Vector action="3" obsValue="0">-0.193568 -0.693186 0 </Vector>
<Vector action="3" obsValue="0">-0.115533 -1.32872 0 </Vector>
<Vector action="3" obsValue="0">-0.0209938 -3.1207 0 </Vector>
<Vector action="3" obsValue="0">0.0955743 -8.27395 0 </Vector>
<Vector action="4" obsValue="0">0.240089 -23.1815 0 </Vector>
<Vector action="4" obsValue="0">0.240098 -23.183 0 </Vector>
<Vector action="3" obsValue="0">0.0939539 -8.1434 0 </Vector>
<Vector action="4" obsValue="0">0.240102 -23.1837 0 </Vector>
<Vector action="4" obsValue="0">0.240104 -23.184 0 </Vector>
<Vector action="3" obsValue="0">-0.0209678 -3.12154 0 </Vector>
<Vector action="3" obsValue="0">-0.115473 -1.32952 0 </Vector>
<Vector action="3" obsValue="0">-0.193525 -0.693427 0 </Vector>
<Vector action="3" obsValue="0">-0.262103 -0.451598 0 </Vector>
<Vector action="3" obsValue="0">-0.116613 -1.31269 0 </Vector>
<Vector action="3" obsValue="0">-0.0222946 -3.07571 0 </Vector>
<Vector action="3" obsValue="0">0.0939605 -8.14381 0 </Vector>
<Vector action="4" obsValue="0">0.238064 -22.8004 0 </Vector>
<Vector action="4" obsValue="0">0.434556 -74.9711 0 </Vector>
<Vector action="4" obsValue="0">0.692775 -275.685 0 </Vector>
<Vector action="4" obsValue="0">0.434555 -74.9704 0 </Vector>
<Vector action="4" obsValue="0">0.692775 -275.685 0 </Vector>
<Vector action="4" obsValue="0">0.434555 -74.9703 0 </Vector>
<Vector action="3" obsValue="0">0.0865993 -7.68105 0 </Vector>
<Vector action="4" obsValue="0">0.238078 -22.8025 0 </Vector>
<Vector action="3" obsValue="0">0.0939696 -8.14438 0 </Vector>
<Vector action="3" obsValue="0">-0.0222847 -3.07598 0 </Vector>
<Vector action="3" obsValue="0">-0.116592 -1.31294 0 </Vector>
<Vector action="3" obsValue="0">-0.194617 -0.686489 0 </Vector>
<Vector action="3" obsValue="0">-3.11956 -0.0210253 0 </Vector>
<Vector action="3" obsValue="0">-8.2702 0.0955316 0 </Vector>
<Vector action="3" obsValue="0">-3.11983 -0.0210153 0 </Vector>
<Vector action="4" obsValue="0">-77.9125 0.442289 0 </Vector>
<Vector action="4" obsValue="0">-277.671 0.694515 0 </Vector>
<Vector action="3" obsValue="0">-33.0677 0.284867 0 </Vector>
<Vector action="3" obsValue="0">-0.194611 -0.686518 0 </Vector>
<Vector action="4" obsValue="0">0.20861 -19.0557 0 </Vector>
<Vector action="4" obsValue="0">0.43456 -74.9717 0 </Vector>
<Vector action="4" obsValue="0">0.208614 -19.056 0 </Vector>
<Vector action="3" obsValue="0">-0.0209516 -3.12205 0 </Vector>
<Vector action="3" obsValue="0">-0.116584 -1.31302 0 </Vector>
<Vector action="3" obsValue="0">-0.194606 -0.686539 0 </Vector>
<Vector action="3" obsValue="0">-0.263542 -0.44767 0 </Vector>
<Vector action="3" obsValue="0">-0.692745 -0.193643 0 </Vector>
<Vector action="3" obsValue="0">-6.87185 0.0706199 0 </Vector>
<Vector action="3" obsValue="0">-1.32878 -0.115523 0 </Vector>
<Vector action="3" obsValue="0">-0.692888 -0.193616 0 </Vector>
<Vector action="3" obsValue="0">-2.16038 -0.0655358 0 </Vector>
<Vector action="3" obsValue="0">-0.950332 -0.157835 0 </Vector>
<Vector action="3" obsValue="0">-0.520783 -0.239677 0 </Vector>
<Vector action="3" obsValue="0">-0.358836 -0.319939 0 </Vector>
<Vector action="3" obsValue="0">-0.272112 -0.431493 0 </Vector>
<Vector action="3" obsValue="0">-0.200098 -0.660859 0 </Vector>
<Vector action="3" obsValue="0">0.0704621 -6.86298 0 </Vector>
<Vector action="3" obsValue="0">-0.040608 -2.64738 0 </Vector>
<Vector action="3" obsValue="0">-0.12961 -1.18113 0 </Vector>
<Vector action="3" obsValue="0">-0.205124 -0.640747 0 </Vector>
<Vector action="3" obsValue="0">-0.276114 -0.424563 0 </Vector>
<Vector action="3" obsValue="0">-0.364563 -0.315629 0 </Vector>
<Vector action="3" obsValue="0">-0.536265 -0.234656 0 </Vector>
<Vector action="3" obsValue="0">-0.971149 -0.154645 0 </Vector>
<Vector action="3" obsValue="0">-2.21314 -0.0620674 0 </Vector>
<Vector action="3" obsValue="0">-0.451273 -0.262219 0 </Vector>
<Vector action="3" obsValue="0">-0.263539 -0.447673 0 </Vector>
<Vector action="3" obsValue="0">-0.194604 -0.68655 0 </Vector>
<Vector action="3" obsValue="0">-0.116582 -1.31304 0 </Vector>
<Vector action="3" obsValue="0">-0.0222764 -3.0762 0 </Vector>
<Vector action="3" obsValue="0">-0.0282831 -2.91493 0 </Vector>
<Vector action="3" obsValue="0">0.086631 -7.68259 0 </Vector>
<Vector action="4" obsValue="0">0.228996 -21.4673 0 </Vector>
<Vector action="4" obsValue="0">0.452997 -84.9352 0 </Vector>
<Vector action="4" obsValue="0">0.696924 -282.411 0 </Vector>
<Vector action="4" obsValue="0">0.454534 -85.9523 0 </Vector>
<Vector action="3" obsValue="0">0.284932 -33.0812 0 </Vector>
<Vector action="4" obsValue="0">0.208316 -19.0251 0 </Vector>
<Vector action="4" obsValue="0">0.0483412 -5.79645 0 </Vector>
<Vector action="4" obsValue="0">0.227815 -21.2883 0 </Vector>
<Vector action="3" obsValue="0">0.0858869 -7.63424 0 </Vector>
<Vector action="3" obsValue="0">-0.0287318 -2.90229 0 </Vector>
<Vector action="3" obsValue="0">0.0939746 -8.14469 0 </Vector>
<Vector action="3" obsValue="0">-0.0222733 -3.07628 0 </Vector>
<Vector action="3" obsValue="0">-0.116575 -1.31312 0 </Vector>
<Vector action="3" obsValue="0">-0.194598 -0.686577 0 </Vector>
<Vector action="3" obsValue="0">-0.263534 -0.447683 0 </Vector>
<Vector action="3" obsValue="0">-0.3368 -0.337 0 </Vector>
<Vector action="3" obsValue="0">-2.65409 -0.0403253 0 </Vector>
<Vector action="3" obsValue="0">-0.693074 -0.193579 0 </Vector>
<Vector action="3" obsValue="0">-0.336798 -0.337 0 </Vector>
<Vector action="3" obsValue="0">-0.263532 -0.447686 0 </Vector>
<Vector action="3" obsValue="0">-0.194596 -0.686585 0 </Vector>
<Vector action="3" obsValue="0">-0.116573 -1.31314 0 </Vector>
<Vector action="3" obsValue="0">0.285359 -33.184 0 </Vector>
<Vector action="4" obsValue="0">0.694655 -277.902 0 </Vector>
<Vector action="4" obsValue="0">0.442915 -78.2571 0 </Vector>
<Vector action="3" obsValue="0">0.285362 -33.1847 0 </Vector>
<Vector action="3" obsValue="0">0.0956084 -8.27657 0 </Vector>
<Vector action="3" obsValue="0">-0.0222708 -3.07635 0 </Vector>
<Vector action="3" obsValue="0">-0.116572 -1.31316 0 </Vector>
<Vector action="3" obsValue="0">-0.194594 -0.686596 0 </Vector>
<Vector action="3" obsValue="0">-0.26353 -0.447691 0 </Vector>
<Vector action="4" obsValue="0">-19.0197 0.208258 0 </Vector>
<Vector action="4" obsValue="0">-74.9477 0.434482 0 </Vector>
<Vector action="4" obsValue="0">-275.67 0.692758 0 </Vector>
<Vector action="4" obsValue="0">-74.944 0.43447 0 </Vector>
<Vector action="3" obsValue="0">-0.336794 -0.337002 0 </Vector>
<Vector action="3" obsValue="0">-0.193516 -0.693478 0 </Vector>
<Vector action="3" obsValue="0">-0.115449 -1.32984 0 </Vector>
<Vector action="3" obsValue="0">-0.1935 -0.693565 0 </Vector>
<Vector action="3" obsValue="0">-0.263529 -0.447692 0 </Vector>
<Vector action="3" obsValue="0">-0.336794 -0.337002 0 </Vector>
<Vector action="3" obsValue="0">-0.263528 -0.447692 0 </Vector>
<Vector action="3" obsValue="0">-0.194593 -0.6866 0 </Vector>
<Vector action="3" obsValue="0">-0.116571 -1.31317 0 </Vector>
<Vector action="3" obsValue="0">-0.0222701 -3.07636 0 </Vector>
<Vector action="3" obsValue="0">0.0939763 -8.14479 0 </Vector>
<Vector action="4" obsValue="0">0.237918 -22.7709 0 </Vector>
<Vector action="4" obsValue="0">0.442337 -77.9299 0 </Vector>
<Vector action="4" obsValue="0">0.694526 -277.683 0 </Vector>
<Vector action="4" obsValue="0">0.442336 -77.929 0 </Vector>
<Vector action="4" obsValue="0">0.439684 -76.7636 0 </Vector>
<Vector action="4" obsValue="0">0.237902 -22.7671 0 </Vector>
<Vector action="4" obsValue="0">0.442333 -77.9264 0 </Vector>
<Vector action="4" obsValue="0">0.694525 -277.68 0 </Vector>
<Vector action="4" obsValue="0">0.442332 -77.9259 0 </Vector>
<Vector action="4" obsValue="0">0.237899 -22.7664 0 </Vector>
<Vector action="3" obsValue="0">0.0938633 -8.13505 0 </Vector>
<Vector action="3" obsValue="0">-0.0223402 -3.07376 0 </Vector>
<Vector action="3" obsValue="0">-0.116614 -1.31247 0 </Vector>
<Vector action="3" obsValue="0">-0.19462 -0.686414 0 </Vector>
<Vector action="3" obsValue="0">-0.263545 -0.447643 0 </Vector>
<Vector action="4" obsValue="0">-277.663 0.694513 0 </Vector>
<Vector action="4" obsValue="0">-22.7319 0.237704 0 </Vector>
<Vector action="3" obsValue="0">-0.447297 -0.263685 0 </Vector>
<Vector action="3" obsValue="0">-0.336803 -0.336985 0 </Vector>
<Vector action="3" obsValue="0">-0.263547 -0.447633 0 </Vector>
<Vector action="3" obsValue="0">-0.194625 -0.686376 0 </Vector>
<Vector action="4" obsValue="0">0.208617 -19.0563 0 </Vector>
<Vector action="4" obsValue="0">0.434562 -74.9721 0 </Vector>
<Vector action="4" obsValue="0">0.692776 -275.686 0 </Vector>
<Vector action="4" obsValue="0">0.434563 -74.9724 0 </Vector>
<Vector action="4" obsValue="0">0.208619 -19.0565 0 </Vector>
<Vector action="3" obsValue="0">-0.0209379 -3.12248 0 </Vector>
<Vector action="3" obsValue="0">-0.116623 -1.31233 0 </Vector>
<Vector action="3" obsValue="0">-0.19463 -0.686338 0 </Vector>
<Vector action="3" obsValue="0">-0.263554 -0.447612 0 </Vector>
<Vector action="3" obsValue="0">-0.336809 -0.336977 0 </Vector>
<Vector action="3" obsValue="0">-7.59088 0.0851845 0 </Vector>
<Vector action="4" obsValue="0">-21.1953 0.227161 0 </Vector>
<Vector action="4" obsValue="0">-76.6391 0.439365 0 </Vector>
<Vector action="4" obsValue="0">-276.811 0.693857 0 </Vector>
<Vector action="4" obsValue="0">-76.6694 0.439465 0 </Vector>
<Vector action="3" obsValue="0">-0.447299 -0.263681 0 </Vector>
<Vector action="3" obsValue="0">-0.33681 -0.336974 0 </Vector>
<Vector action="3" obsValue="0">-0.263556 -0.447605 0 </Vector>
<Vector action="3" obsValue="0">-0.194633 -0.686321 0 </Vector>
<Vector action="3" obsValue="0">-0.116625 -1.3123 0 </Vector>
<Vector action="3" obsValue="0">-0.121769 -1.25346 0 </Vector>
<Vector action="3" obsValue="0">-0.0287689 -2.90093 0 </Vector>
<Vector action="3" obsValue="0">0.0857558 -7.62542 0 </Vector>
<Vector action="4" obsValue="0">0.227664 -21.2644 0 </Vector>
<Vector action="4" obsValue="0">0.43965 -76.7475 0 </Vector>
<Vector action="4" obsValue="0">0.693921 -276.885 0 </Vector>
<Vector action="4" obsValue="0">0.439621 -76.7325 0 </Vector>
<Vector action="4" obsValue="0">0.227621 -21.2574 0 </Vector>
<Vector action="3" obsValue="0">0.0856337 -7.61709 0 </Vector>
<Vector action="3" obsValue="0">-0.0289285 -2.89629 0 </Vector>
<Vector action="3" obsValue="0">-0.121893 -1.25184 0 </Vector>
<Vector action="3" obsValue="0">-0.0223549 -3.07321 0 </Vector>
<Vector action="3" obsValue="0">-0.116634 -1.31215 0 </Vector>
<Vector action="3" obsValue="0">-0.19464 -0.686272 0 </Vector>
<Vector action="3" obsValue="0">-0.263562 -0.447587 0 </Vector>
<Vector action="3" obsValue="0">-0.336815 -0.336968 0 </Vector>
<Vector action="3" obsValue="0">-0.447302 -0.263679 0 </Vector>
<Vector action="3" obsValue="0">-0.439711 -0.267387 0 </Vector>
<Vector action="3" obsValue="0">-0.447303 -0.263678 0 </Vector>
<Vector action="3" obsValue="0">-0.336816 -0.336966 0 </Vector>
<Vector action="3" obsValue="0">-0.263563 -0.447582 0 </Vector>
<Vector action="3" obsValue="0">-0.194642 -0.686257 0 </Vector>
<Vector action="3" obsValue="0">-0.116637 -1.31211 0 </Vector>
<Vector action="3" obsValue="0">-0.0223581 -3.07309 0 </Vector>
<Vector action="4" obsValue="0">0.240082 -23.1776 0 </Vector>
<Vector action="4" obsValue="0">0.44291 -78.2528 0 </Vector>
<Vector action="4" obsValue="0">0.240078 -23.1766 0 </Vector>
<Vector action="3" obsValue="0">0.0938395 -8.13299 0 </Vector>
<Vector action="3" obsValue="0">-0.022373 -3.07253 0 </Vector>
<Vector action="3" obsValue="0">-0.116648 -1.31193 0 </Vector>
<Vector action="3" obsValue="0">-0.19465 -0.686197 0 </Vector>
<Vector action="3" obsValue="0">-0.26357 -0.447562 0 </Vector>
<Vector action="3" obsValue="0">-0.336821 -0.336959 0 </Vector>
<Vector action="4" obsValue="0">-23.165 0.240022 0 </Vector>
<Vector action="4" obsValue="0">-78.2398 0.442888 0 </Vector>
<Vector action="4" obsValue="0">-23.1653 0.240027 0 </Vector>
<Vector action="3" obsValue="0">-0.685584 -0.194755 0 </Vector>
<Vector action="3" obsValue="0">-0.447305 -0.263675 0 </Vector>
<Vector action="3" obsValue="0">-0.336821 -0.336957 0 </Vector>
<Vector action="3" obsValue="0">-0.263572 -0.447556 0 </Vector>
<Vector action="3" obsValue="0">-0.194653 -0.68618 0 </Vector>
<Vector action="3" obsValue="0">-0.116651 -1.31188 0 </Vector>
<Vector action="3" obsValue="0">-0.0223769 -3.07239 0 </Vector>
<Vector action="3" obsValue="0">0.0938344 -8.13254 0 </Vector>
<Vector action="4" obsValue="0">0.237842 -22.7549 0 </Vector>
<Vector action="3" obsValue="0">-0.0545396 -2.35916 0 </Vector>
<Vector action="3" obsValue="0">-0.155128 -0.971479 0 </Vector>
<Vector action="3" obsValue="0">-0.237912 -0.526673 0 </Vector>
<Vector action="3" obsValue="0">-0.318607 -0.360655 0 </Vector>
<Vector action="3" obsValue="0">-0.233754 -0.539512 0 </Vector>
<Vector action="3" obsValue="0">-0.147474 -1.02687 0 </Vector>
<Vector action="3" obsValue="0">-0.0593629 -2.26197 0 </Vector>
<Vector action="4" obsValue="0">0.208295 -19.0227 0 </Vector>
<Vector action="4" obsValue="0">0.434491 -74.9497 0 </Vector>
<Vector action="4" obsValue="0">0.694525 -277.68 0 </Vector>
<Vector action="4" obsValue="0">0.454525 -85.9455 0 </Vector>
<Vector action="3" obsValue="0">0.284896 -33.071 0 </Vector>
<Vector action="4" obsValue="0">0.208246 -19.0175 0 </Vector>
<Vector action="4" obsValue="0">0.43448 -74.9462 0 </Vector>
<Vector action="4" obsValue="0">0.208239 -19.0168 0 </Vector>
<Vector action="4" obsValue="0">0.0473977 -5.74844 0 </Vector>
<Vector action="3" obsValue="0">-0.0599573 -2.249 0 </Vector>
<Vector action="3" obsValue="0">-0.150887 -0.997124 0 </Vector>
<Vector action="3" obsValue="0">-0.231083 -0.546436 0 </Vector>
<Vector action="3" obsValue="0">-0.314304 -0.365992 0 </Vector>
<Vector action="3" obsValue="0">-0.229921 -0.549798 0 </Vector>
<Vector action="3" obsValue="0">-0.149852 -1.0036 0 </Vector>
<Vector action="3" obsValue="0">-0.0605994 -2.23435 0 </Vector>
<Vector action="3" obsValue="0">0.0937924 -8.12889 0 </Vector>
<Vector action="3" obsValue="0">-0.0224066 -3.07128 0 </Vector>
<Vector action="3" obsValue="0">-0.116672 -1.31154 0 </Vector>
<Vector action="3" obsValue="0">-0.194668 -0.686076 0 </Vector>
<Vector action="3" obsValue="0">-0.263583 -0.447523 0 </Vector>
<Vector action="3" obsValue="0">-0.262087 -0.451636 0 </Vector>
<Vector action="3" obsValue="0">-0.336829 -0.336946 0 </Vector>
<Vector action="3" obsValue="0">-0.333837 -0.340396 0 </Vector>
<Vector action="3" obsValue="0">-0.44731 -0.263671 0 </Vector>
<Vector action="3" obsValue="0">-0.336831 -0.336944 0 </Vector>
<Vector action="3" obsValue="0">-0.447311 -0.263671 0 </Vector>
<Vector action="3" obsValue="0">-1.31029 -0.116766 0 </Vector>
<Vector action="3" obsValue="0">-3.06803 -0.0225112 0 </Vector>
<Vector action="3" obsValue="0">-8.12047 0.0936758 0 </Vector>
<Vector action="4" obsValue="0">-84.9198 0.452975 0 </Vector>
<Vector action="4" obsValue="0">-282.401 0.696919 0 </Vector>
<Vector action="4" obsValue="0">-85.9365 0.454512 0 </Vector>
<Vector action="4" obsValue="0">-283.087 0.697265 0 </Vector>
<Vector action="4" obsValue="0">-86.091 0.454746 0 </Vector>
<Vector action="4" obsValue="0">-19.0133 0.208202 0 </Vector>
<Vector action="3" obsValue="0">-1.3103 -0.116762 0 </Vector>
<Vector action="3" obsValue="0">-0.685586 -0.194751 0 </Vector>
<Vector action="3" obsValue="0">-0.447311 -0.263668 0 </Vector>
<Vector action="3" obsValue="0">-0.336831 -0.336942 0 </Vector>
<Vector action="3" obsValue="0">-0.263585 -0.447514 0 </Vector>
<Vector action="3" obsValue="0">-0.115436 -1.33001 0 </Vector>
<Vector action="3" obsValue="0">-0.0209345 -3.12258 0 </Vector>
<Vector action="3" obsValue="0">-0.194672 -0.68605 0 </Vector>
<Vector action="3" obsValue="0">-0.263588 -0.447507 0 </Vector>
<Vector action="3" obsValue="0">-0.336834 -0.336938 0 </Vector>
<Vector action="3" obsValue="0">-0.263588 -0.447504 0 </Vector>
<Vector action="3" obsValue="0">-0.194672 -0.686043 0 </Vector>
<Vector action="3" obsValue="0">-0.116678 -1.31145 0 </Vector>
<Vector action="3" obsValue="0">-0.0224137 -3.07101 0 </Vector>
<Vector action="3" obsValue="0">0.0937825 -8.12802 0 </Vector>
<Vector action="4" obsValue="0">0.237832 -22.7529 0 </Vector>
<Vector action="4" obsValue="0">0.442316 -77.9162 0 </Vector>
<Vector action="4" obsValue="0">0.694521 -277.673 0 </Vector>
<Vector action="4" obsValue="0">0.442314 -77.9147 0 </Vector>
<Vector action="3" obsValue="0">0.0937748 -8.12734 0 </Vector>
<Vector action="3" obsValue="0">-0.0224249 -3.0706 0 </Vector>
<Vector action="3" obsValue="0">-0.116689 -1.31127 0 </Vector>
<Vector action="3" obsValue="0">-0.194683 -0.68597 0 </Vector>
<Vector action="3" obsValue="0">-0.263596 -0.447483 0 </Vector>
<Vector action="3" obsValue="0">-0.336839 -0.336931 0 </Vector>
<Vector action="3" obsValue="0">-0.447317 -0.263665 0 </Vector>
<Vector action="3" obsValue="0">-0.685589 -0.19475 0 </Vector>
<Vector action="4" obsValue="0">-19.0133 0.208204 0 </Vector>
<Vector action="4" obsValue="0">-74.9397 0.434458 0 </Vector>
<Vector action="1" obsValue="0">-1000 1 0 </Vector>
<Vector action="4" obsValue="0">-275.664 0.692753 0 </Vector>
<Vector action="4" obsValue="0">-74.9385 0.434454 0 </Vector>
<Vector action="3" obsValue="0">-0.68559 -0.194748 0 </Vector>
<Vector action="3" obsValue="0">-0.447318 -0.263663 0 </Vector>
<Vector action="3" obsValue="0">-0.336841 -0.336928 0 </Vector>
<Vector action="3" obsValue="0">-0.263597 -0.447477 0 </Vector>
<Vector action="3" obsValue="0">-0.194686 -0.685953 0 </Vector>
<Vector action="3" obsValue="0">-0.198889 -0.665529 0 </Vector>
<Vector action="3" obsValue="0">-0.116693 -1.31121 0 </Vector>
<Vector action="3" obsValue="0">-0.194688 -0.685937 0 </Vector>
<Vector action="3" obsValue="0">-0.2636 -0.447468 0 </Vector>
<Vector action="3" obsValue="0">-0.336844 -0.336924 0 </Vector>
<Vector action="3" obsValue="0">-0.263601 -0.447465 0 </Vector>
<Vector action="3" obsValue="0">-0.194689 -0.68593 0 </Vector>
<Vector action="3" obsValue="0">-0.116694 -1.3112 0 </Vector>
<Vector action="3" obsValue="0">0.0955971 -8.27492 0 </Vector>
<Vector action="3" obsValue="0">-0.0224292 -3.07044 0 </Vector>
<Vector action="3" obsValue="0">-0.116696 -1.31115 0 </Vector>
<Vector action="3" obsValue="0">-0.194691 -0.685914 0 </Vector>
<Vector action="3" obsValue="0">-0.263603 -0.447459 0 </Vector>
<Vector action="3" obsValue="0">-0.336846 -0.336921 0 </Vector>
<Vector action="3" obsValue="0">-0.447322 -0.26366 0 </Vector>
<Vector action="3" obsValue="0">-0.685594 -0.194747 0 </Vector>
<Vector action="3" obsValue="0">-3.12017 -0.0210036 0 </Vector>
<Vector action="3" obsValue="0">-0.685594 -0.194746 0 </Vector>
<Vector action="3" obsValue="0">-0.447323 -0.263659 0 </Vector>
<Vector action="3" obsValue="0">-0.336847 -0.336919 0 </Vector>
<Vector action="3" obsValue="0">-0.340068 -0.33414 0 </Vector>
<Vector action="3" obsValue="0">-0.263604 -0.447456 0 </Vector>
<Vector action="3" obsValue="0">-0.336848 -0.336918 0 </Vector>
<Vector action="3" obsValue="0">-0.263604 -0.447455 0 </Vector>
<Vector action="3" obsValue="0">-0.194692 -0.685908 0 </Vector>
<Vector action="3" obsValue="0">-0.116697 -1.31114 0 </Vector>
<Vector action="3" obsValue="0">-0.0224301 -3.0704 0 </Vector>
<Vector action="4" obsValue="0">0.240063 -23.1726 0 </Vector>
<Vector action="4" obsValue="0">0.442906 -78.2494 0 </Vector>
<Vector action="4" obsValue="0">0.694654 -277.898 0 </Vector>
<Vector action="4" obsValue="0">0.442905 -78.2486 0 </Vector>
<Vector action="4" obsValue="0">0.24006 -23.1716 0 </Vector>
<Vector action="3" obsValue="0">0.0937704 -8.12695 0 </Vector>
<Vector action="3" obsValue="0">-0.0224329 -3.0703 0 </Vector>
<Vector action="3" obsValue="0">-0.1167 -1.3111 0 </Vector>
<Vector action="3" obsValue="0">-0.194694 -0.685894 0 </Vector>
<Vector action="3" obsValue="0">-0.263606 -0.44745 0 </Vector>
<Vector action="3" obsValue="0">-0.336849 -0.336917 0 </Vector>
<Vector action="3" obsValue="0">-0.447325 -0.263657 0 </Vector>
<Vector action="3" obsValue="0">-0.685596 -0.194745 0 </Vector>
<Vector action="3" obsValue="0">-8.27034 0.0955458 0 </Vector>
<Vector action="3" obsValue="0">-0.685597 -0.194745 0 </Vector>
<Vector action="3" obsValue="0">-0.447326 -0.263657 0 </Vector>
<Vector action="3" obsValue="0">-0.33685 -0.336915 0 </Vector>
<Vector action="3" obsValue="0">-0.263607 -0.447448 0 </Vector>
<Vector action="3" obsValue="0">-0.194694 -0.68589 0 </Vector>
<Vector action="3" obsValue="0">-0.1167 -1.31109 0 </Vector>
<Vector action="3" obsValue="0">-0.0224337 -3.07026 0 </Vector>
<Vector action="3" obsValue="0">0.0937694 -8.12687 0 </Vector>
<Vector action="4" obsValue="0">0.23782 -22.7504 0 </Vector>
<Vector action="3" obsValue="0">0.0855906 -7.61417 0 </Vector>
<Vector action="4" obsValue="0">0.227409 -21.225 0 </Vector>
<Vector action="3" obsValue="0">0.284879 -33.0666 0 </Vector>
<Vector action="4" obsValue="0">0.693915 -276.874 0 </Vector>
<Vector action="4" obsValue="0">0.442311 -77.913 0 </Vector>
<Vector action="3" obsValue="0">0.284877 -33.0662 0 </Vector>
<Vector action="4" obsValue="0">0.208226 -19.0153 0 </Vector>
<Vector action="4" obsValue="0">0.0472434 -5.74061 0 </Vector>
<Vector action="3" obsValue="0">0.0937462 -8.12491 0 </Vector>
<Vector action="3" obsValue="0">-0.022449 -3.06971 0 </Vector>
<Vector action="3" obsValue="0">-0.11671 -1.31093 0 </Vector>
<Vector action="3" obsValue="0">-0.194701 -0.685844 0 </Vector>
<Vector action="3" obsValue="0">-0.263611 -0.447435 0 </Vector>
<Vector action="3" obsValue="0">-0.451373 -0.262173 0 </Vector>
<Vector action="3" obsValue="0">-0.336853 -0.336911 0 </Vector>
<Vector action="3" obsValue="0">-0.447329 -0.263655 0 </Vector>
<Vector action="3" obsValue="0">-1.24759 -0.122258 0 </Vector>
<Vector action="3" obsValue="0">-0.663868 -0.199217 0 </Vector>
<Vector action="3" obsValue="0">-0.439562 -0.267413 0 </Vector>
<Vector action="3" obsValue="0">-0.333797 -0.340412 0 </Vector>
<Vector action="3" obsValue="0">-0.26203 -0.451722 0 </Vector>
<Vector action="3" obsValue="0">-0.115429 -1.33003 0 </Vector>
<Vector action="3" obsValue="0">-0.193468 -0.693692 0 </Vector>
<Vector action="3" obsValue="0">-0.26201 -0.451756 0 </Vector>
<Vector action="3" obsValue="0">-0.333748 -0.340445 0 </Vector>
<Vector action="3" obsValue="0">-0.439506 -0.267427 0 </Vector>
<Vector action="3" obsValue="0">-0.663738 -0.199228 0 </Vector>
<Vector action="3" obsValue="0">-1.24741 -0.122258 0 </Vector>
<Vector action="3" obsValue="0">-0.663689 -0.199228 0 </Vector>
<Vector action="3" obsValue="0">-0.439457 -0.267434 0 </Vector>
<Vector action="3" obsValue="0">-0.33372 -0.340457 0 </Vector>
<Vector action="3" obsValue="0">-0.261989 -0.451785 0 </Vector>
<Vector action="3" obsValue="0">-0.193457 -0.693731 0 </Vector>
<Vector action="3" obsValue="0">-0.0209386 -3.12216 0 </Vector>
<Vector action="3" obsValue="0">-0.115425 -1.33003 0 </Vector>
<Vector action="3" obsValue="0">-0.193455 -0.693734 0 </Vector>
<Vector action="3" obsValue="0">-0.261981 -0.451796 0 </Vector>
<Vector action="3" obsValue="0">-0.333701 -0.340468 0 </Vector>
<Vector action="3" obsValue="0">-0.439428 -0.26744 0 </Vector>
<Vector action="3" obsValue="0">-0.66364 -0.199231 0 </Vector>
<Vector action="3" obsValue="0">-1.24735 -0.122259 0 </Vector>
<Vector action="3" obsValue="0">-2.88587 -0.0293073 0 </Vector>
<Vector action="3" obsValue="0">-0.685598 -0.194743 0 </Vector>
<Vector action="3" obsValue="0">-0.447329 -0.263654 0 </Vector>
<Vector action="3" obsValue="0">-0.336854 -0.336909 0 </Vector>
<Vector action="3" obsValue="0">-0.263612 -0.447431 0 </Vector>
<Vector action="3" obsValue="0">-0.194703 -0.685833 0 </Vector>
<Vector action="3" obsValue="0">-0.116713 -1.3109 0 </Vector>
<Vector action="3" obsValue="0">-0.0224523 -3.06959 0 </Vector>
<Vector action="3" obsValue="0">0.0937411 -8.12449 0 </Vector>
<Vector action="4" obsValue="0">0.237783 -22.7431 0 </Vector>
<Vector action="3" obsValue="0">0.085435 -7.60399 0 </Vector>
<Vector action="3" obsValue="0">-0.0290871 -2.89174 0 </Vector>
<Vector action="3" obsValue="0">-0.122025 -1.25005 0 </Vector>
<Vector action="3" obsValue="0">-0.198972 -0.665046 0 </Vector>
<Vector action="3" obsValue="0">-0.267171 -0.440071 0 </Vector>
<Vector action="3" obsValue="0">-0.340188 -0.333988 0 </Vector>
<Vector action="3" obsValue="0">-0.451448 -0.262131 0 </Vector>
<Vector action="3" obsValue="0">-0.693184 -0.193555 0 </Vector>
<Vector action="3" obsValue="0">-1.32915 -0.115492 0 </Vector>
<Vector action="4" obsValue="0">-19.0546 0.208602 0 </Vector>
<Vector action="4" obsValue="0">-19.0548 0.208605 0 </Vector>
<Vector action="3" obsValue="0">-3.12036 -0.0209891 0 </Vector>
<Vector action="3" obsValue="0">-1.3292 -0.115483 0 </Vector>
<Vector action="3" obsValue="0">-0.693297 -0.19353 0 </Vector>
<Vector action="3" obsValue="0">-0.451509 -0.2621 0 </Vector>
<Vector action="3" obsValue="0">-0.340225 -0.333942 0 </Vector>
<Vector action="3" obsValue="0">-0.267213 -0.439946 0 </Vector>
<Vector action="3" obsValue="0">-0.199023 -0.66468 0 </Vector>
<Vector action="3" obsValue="0">-0.267245 -0.439847 0 </Vector>
<Vector action="3" obsValue="0">-0.340272 -0.333882 0 </Vector>
<Vector action="3" obsValue="0">-0.267258 -0.439809 0 </Vector>
<Vector action="3" obsValue="0">-0.199035 -0.664594 0 </Vector>
<Vector action="3" obsValue="0">-0.267266 -0.439786 0 </Vector>
<Vector action="3" obsValue="0">-0.340285 -0.333866 0 </Vector>
<Vector action="3" obsValue="0">-0.45157 -0.262067 0 </Vector>
<Vector action="3" obsValue="0">-0.693374 -0.193513 0 </Vector>
<Vector action="3" obsValue="0">-1.32932 -0.115471 0 </Vector>
<Vector action="3" obsValue="0">-3.12047 -0.0209835 0 </Vector>
<Vector action="3" obsValue="0">-1.32935 -0.115468 0 </Vector>
<Vector action="3" obsValue="0">-0.693414 -0.193503 0 </Vector>
<Vector action="3" obsValue="0">-0.451601 -0.262051 0 </Vector>
<Vector action="3" obsValue="0">-0.34031 -0.333834 0 </Vector>
<Vector action="3" obsValue="0">-0.267276 -0.439756 0 </Vector>
<Vector action="3" obsValue="0">-0.19904 -0.66456 0 </Vector>
<Vector action="3" obsValue="0">-0.122066 -1.24944 0 </Vector>
<Vector action="3" obsValue="0">-0.0291337 -2.89023 0 </Vector>
<Vector action="3" obsValue="0">0.0937333 -8.12379 0 </Vector>
<Vector action="3" obsValue="0">-0.0224604 -3.06929 0 </Vector>
<Vector action="3" obsValue="0">-0.11672 -1.31078 0 </Vector>
<Vector action="3" obsValue="0">-0.194709 -0.685793 0 </Vector>
<Vector action="3" obsValue="0">-0.263617 -0.447417 0 </Vector>
<Vector action="3" obsValue="0">-0.336858 -0.336905 0 </Vector>
<Vector action="3" obsValue="0">-0.447332 -0.263652 0 </Vector>
<Vector action="4" obsValue="0">-276.832 0.69388 0 </Vector>
<Vector action="4" obsValue="0">-77.8984 0.442284 0 </Vector>
<Vector action="3" obsValue="0">-33.0602 0.284851 0 </Vector>
<Vector action="4" obsValue="0">-19.0121 0.208194 0 </Vector>
<Vector action="4" obsValue="0">-5.73481 0.0471166 0 </Vector>
<Vector action="3" obsValue="0">-1.3103 -0.116755 0 </Vector>
<Vector action="3" obsValue="0">-0.685599 -0.194742 0 </Vector>
<Vector action="3" obsValue="0">-0.447332 -0.263652 0 </Vector>
<Vector action="3" obsValue="0">-0.336858 -0.336903 0 </Vector>
<Vector action="3" obsValue="0">-0.263618 -0.447413 0 </Vector>
<Vector action="3" obsValue="0">-0.19471 -0.685782 0 </Vector>
<Vector action="3" obsValue="0">-0.116722 -1.31075 0 </Vector>
<Vector action="3" obsValue="0">-0.0224629 -3.0692 0 </Vector>
<Vector action="3" obsValue="0">0.0937304 -8.12354 0 </Vector>
<Vector action="4" obsValue="0">0.237771 -22.7405 0 </Vector>
<Vector action="3" obsValue="0">0.0853796 -7.60017 0 </Vector>
<Vector action="4" obsValue="0">0.227374 -21.2197 0 </Vector>
<Vector action="4" obsValue="0">0.439552 -76.7001 0 </Vector>
<Vector action="4" obsValue="0">0.227327 -21.2124 0 </Vector>
<Vector action="4" obsValue="0">0.20822 -19.0146 0 </Vector>
<Vector action="4" obsValue="0">0.434473 -74.9443 0 </Vector>
<Vector action="0" obsValue="0">1 -1000 0 </Vector>
<Vector action="4" obsValue="0">0.692757 -275.667 0 </Vector>
<Vector action="4" obsValue="0">0.43446 -74.94 0 </Vector>
<Vector action="4" obsValue="0">0.208206 -19.0132 0 </Vector>
<Vector action="4" obsValue="0">0.0471834 -5.73755 0 </Vector>
<Vector action="4" obsValue="0">0.227314 -21.2104 0 </Vector>
<Vector action="4" obsValue="0">0.439538 -76.6937 0 </Vector>
<Vector action="3" obsValue="0">0.0937242 -8.12301 0 </Vector>
<Vector action="3" obsValue="0">-0.0224687 -3.06899 0 </Vector>
<Vector action="3" obsValue="0">-0.116727 -1.31067 0 </Vector>
<Vector action="3" obsValue="0">-0.194715 -0.685751 0 </Vector>
<Vector action="3" obsValue="0">-0.263622 -0.447402 0 </Vector>
<Vector action="3" obsValue="0">-0.336862 -0.336899 0 </Vector>
<Vector action="3" obsValue="0">-0.447335 -0.26365 0 </Vector>
<Vector action="3" obsValue="0">-0.685601 -0.194741 0 </Vector>
<Vector action="3" obsValue="0">-2.21022 -0.0620706 0 </Vector>
<Vector action="3" obsValue="0">-0.984607 -0.152462 0 </Vector>
<Vector action="3" obsValue="0">-0.545519 -0.231271 0 </Vector>
<Vector action="3" obsValue="0">-0.371242 -0.310333 0 </Vector>
<Vector action="3" obsValue="0">-0.279463 -0.418511 0 </Vector>
<Vector action="3" obsValue="0">-0.207109 -0.632568 0 </Vector>
<Vector action="3" obsValue="0">-0.131503 -1.16331 0 </Vector>
<Vector action="3" obsValue="0">-0.0411145 -2.63589 0 </Vector>
<Vector action="4" obsValue="0">0.233662 -22.1309 0 </Vector>
<Vector action="4" obsValue="0">0.441213 -77.4223 0 </Vector>
<Vector action="4" obsValue="0">0.694273 -277.34 0 </Vector>
<Vector action="4" obsValue="0">0.441208 -77.4199 0 </Vector>
<Vector action="4" obsValue="0">0.23364 -22.1272 0 </Vector>
<Vector action="3" obsValue="0">0.070329 -6.85586 0 </Vector>
<Vector action="3" obsValue="0">-0.0411984 -2.63397 0 </Vector>
<Vector action="3" obsValue="0">-0.131874 -1.15969 0 </Vector>
<Vector action="3" obsValue="0">-0.208536 -0.626778 0 </Vector>
<Vector action="3" obsValue="0">-0.281613 -0.41474 0 </Vector>
<Vector action="3" obsValue="0">-0.374706 -0.30768 0 </Vector>
<Vector action="3" obsValue="0">-0.551909 -0.229124 0 </Vector>
<Vector action="3" obsValue="0">-0.994463 -0.150968 0 </Vector>
<Vector action="3" obsValue="0">-2.22491 -0.0610779 0 </Vector>
<Vector action="3" obsValue="0">-3.06803 -0.0224987 0 </Vector>
<Vector action="3" obsValue="0">-1.3103 -0.116754 0 </Vector>
<Vector action="3" obsValue="0">-0.685601 -0.194741 0 </Vector>
<Vector action="3" obsValue="0">-0.447335 -0.263649 0 </Vector>
<Vector action="3" obsValue="0">-0.336862 -0.336898 0 </Vector>
<Vector action="3" obsValue="0">-0.263623 -0.447398 0 </Vector>
<Vector action="3" obsValue="0">-0.194716 -0.685741 0 </Vector>
<Vector action="3" obsValue="0">-0.116729 -1.31064 0 </Vector>
<Vector action="3" obsValue="0">-0.0224705 -3.06892 0 </Vector>
<Vector action="3" obsValue="0">0.0937222 -8.12283 0 </Vector>
<Vector action="4" obsValue="0">0.237761 -22.7386 0 </Vector>
<Vector action="4" obsValue="0">0.442298 -77.9051 0 </Vector>
<Vector action="4" obsValue="0">0.237752 -22.7368 0 </Vector>
<Vector action="3" obsValue="0">0.0853357 -7.59726 0 </Vector>
<Vector action="3" obsValue="0">-0.0291963 -2.88841 0 </Vector>
<Vector action="3" obsValue="0">-0.122134 -1.24854 0 </Vector>
<Vector action="3" obsValue="0">-0.199109 -0.664153 0 </Vector>
<Vector action="3" obsValue="0">-0.122153 -1.24829 0 </Vector>
<Vector action="3" obsValue="0">-0.0292199 -2.88768 0 </Vector>
<Vector action="3" obsValue="0">0.0853124 -7.59565 0 </Vector>
<Vector action="4" obsValue="0">0.227304 -21.2089 0 </Vector>
<Vector action="4" obsValue="0">0.454518 -85.9398 0 </Vector>
<Vector action="4" obsValue="0">0.697267 -283.089 0 </Vector>
<Vector action="4" obsValue="0">0.454749 -86.0923 0 </Vector>
<Vector action="3" obsValue="0">0.284863 -33.0626 0 </Vector>
<Vector action="4" obsValue="0">0.208205 -19.013 0 </Vector>
<Vector action="4" obsValue="0">0.0471665 -5.7367 0 </Vector>
<Vector action="4" obsValue="0">0.227301 -21.2084 0 </Vector>
<Vector action="3" obsValue="0">0.08531 -7.5955 0 </Vector>
<Vector action="3" obsValue="0">-0.029236 -2.8872 0 </Vector>
<Vector action="3" obsValue="0">-0.122178 -1.24796 0 </Vector>
<Vector action="3" obsValue="0">-0.199137 -0.663996 0 </Vector>
<Vector action="3" obsValue="0">-0.122186 -1.24786 0 </Vector>
<Vector action="3" obsValue="0">-0.0292448 -2.88694 0 </Vector>
<Vector action="3" obsValue="0">0.0853033 -7.59503 0 </Vector>
<Vector action="4" obsValue="0">0.237744 -22.7353 0 </Vector>
<Vector action="4" obsValue="0">0.442294 -77.9028 0 </Vector>
<Vector action="4" obsValue="0">0.237742 -22.7348 0 </Vector>
<Vector action="3" obsValue="0">0.0937104 -8.12181 0 </Vector>
<Vector action="3" obsValue="0">-0.0224792 -3.06859 0 </Vector>
<Vector action="3" obsValue="0">-0.116735 -1.31054 0 </Vector>
<Vector action="3" obsValue="0">-0.194722 -0.685706 0 </Vector>
<Vector action="3" obsValue="0">-0.263627 -0.447386 0 </Vector>
<Vector action="3" obsValue="0">-0.336866 -0.336893 0 </Vector>
<Vector action="3" obsValue="0">-0.447338 -0.263648 0 </Vector>
<Vector action="3" obsValue="0">-0.685603 -0.19474 0 </Vector>
<Vector action="3" obsValue="0">-1.3103 -0.116754 0 </Vector>
<Vector action="3" obsValue="0">-7.59253 0.0852482 0 </Vector>
<Vector action="4" obsValue="0">-21.2016 0.22724 0 </Vector>
<Vector action="4" obsValue="0">-76.6782 0.439498 0 </Vector>
<Vector action="4" obsValue="0">-21.2036 0.227262 0 </Vector>
<Vector action="4" obsValue="0">-5.73526 0.0471323 0 </Vector>
<Vector action="4" obsValue="0">-76.6796 0.439503 0 </Vector>
<Vector action="4" obsValue="0">-21.2042 0.227269 0 </Vector>
<Vector action="4" obsValue="0">-74.9665 0.434545 0 </Vector>
<Vector action="4" obsValue="0">-275.682 0.692773 0 </Vector>
<Vector action="4" obsValue="0">-74.9706 0.434558 0 </Vector>
<Vector action="4" obsValue="0">-275.685 0.692776 0 </Vector>
<Vector action="4" obsValue="0">-74.9712 0.43456 0 </Vector>
<Vector action="4" obsValue="0">-19.0548 0.208607 0 </Vector>
<Vector action="4" obsValue="0">-5.74826 0.0474264 0 </Vector>
<Vector action="4" obsValue="0">-21.213 0.227335 0 </Vector>
<Vector action="4" obsValue="0">-76.6859 0.439519 0 </Vector>
<Vector action="4" obsValue="0">-22.7321 0.237723 0 </Vector>
<Vector action="3" obsValue="0">-8.12053 0.0936906 0 </Vector>
<Vector action="3" obsValue="0">-3.06803 -0.0224985 0 </Vector>
<Vector action="3" obsValue="0">-1.3103 -0.116754 0 </Vector>
<Vector action="4" obsValue="0">-5.7354 0.047137 0 </Vector>
<Vector action="4" obsValue="0">-21.2043 0.22727 0 </Vector>
<Vector action="4" obsValue="0">-76.6801 0.439504 0 </Vector>
<Vector action="4" obsValue="0">-21.2044 0.227271 0 </Vector>
<Vector action="3" obsValue="0">-7.59329 0.085268 0 </Vector>
<Vector action="4" obsValue="0">-22.7326 0.237727 0 </Vector>
<Vector action="3" obsValue="0">-8.12066 0.0936934 0 </Vector>
<Vector action="3" obsValue="0">-3.06807 -0.0224967 0 </Vector>
<Vector action="3" obsValue="0">-1.31031 -0.116753 0 </Vector>
<Vector action="3" obsValue="0">-0.685606 -0.194739 0 </Vector>
<Vector action="3" obsValue="0">-0.447339 -0.263647 0 </Vector>
<Vector action="3" obsValue="0">-0.336867 -0.336892 0 </Vector>
</AlphaVector> </Policy>
